2026-07-16 17:45:19,473 INFO o.a.j.u.JMeterUtils: Setting Locale to en_EN
2026-07-16 17:45:19,539 INFO o.a.j.JMeter: Loading user properties from: /opt/jmeter/bin/user.properties
2026-07-16 17:45:19,541 INFO o.a.j.JMeter: Loading system properties from: /opt/jmeter/bin/system.properties
2026-07-16 17:45:19,573 INFO o.a.j.JMeter: Copyright (c) 1998-2024 The Apache Software Foundation
2026-07-16 17:45:19,573 INFO o.a.j.JMeter: Version 5.6.3
2026-07-16 17:45:19,573 INFO o.a.j.JMeter: java.version=25.0.3
2026-07-16 17:45:19,573 INFO o.a.j.JMeter: java.vm.name=OpenJDK 64-Bit Server VM
2026-07-16 17:45:19,574 INFO o.a.j.JMeter: os.name=Linux
2026-07-16 17:45:19,574 INFO o.a.j.JMeter: os.arch=amd64
2026-07-16 17:45:19,574 INFO o.a.j.JMeter: os.version=6.18.33.2-microsoft-standard-WSL2
2026-07-16 17:45:19,574 INFO o.a.j.JMeter: file.encoding=UTF-8
2026-07-16 17:45:19,574 INFO o.a.j.JMeter: java.awt.headless=true
2026-07-16 17:45:19,574 INFO o.a.j.JMeter: Max memory     =1073741824
2026-07-16 17:45:19,574 INFO o.a.j.JMeter: Available Processors =12
2026-07-16 17:45:19,616 INFO o.a.j.JMeter: Default Locale=English (EN)
2026-07-16 17:45:19,618 INFO o.a.j.JMeter: JMeter  Locale=English (EN)
2026-07-16 17:45:19,619 INFO o.a.j.JMeter: JMeterHome=/opt/jmeter
2026-07-16 17:45:19,619 INFO o.a.j.JMeter: user.dir  =/home/tejaswini/expense-tracker-sdet
2026-07-16 17:45:19,619 INFO o.a.j.JMeter: PWD       =/home/tejaswini/expense-tracker-sdet
2026-07-16 17:45:19,622 INFO o.a.j.JMeter: IP: 127.0.1.1 Name: Tejaswini FullName: Tejaswini.localdomain
2026-07-16 17:45:19,690 INFO o.a.j.JMeter: Setting property 'jmeter.reportgenerator.outputdir' to:'/home/tejaswini/expense-tracker-sdet/reports/jmeter_html'
2026-07-16 17:45:19,706 INFO o.a.j.s.FileServer: Default base='/home/tejaswini/expense-tracker-sdet'
2026-07-16 17:45:19,709 INFO o.a.j.s.FileServer: Set new base='/home/tejaswini/expense-tracker-sdet/tests/perf'
2026-07-16 17:45:20,485 INFO o.a.j.s.SaveService: Testplan (JMX) version: 2.2. Testlog (JTL) version: 2.2
2026-07-16 17:45:20,575 INFO o.a.j.s.SaveService: Using SaveService properties version 5.0
2026-07-16 17:45:20,593 INFO o.a.j.s.SaveService: Using SaveService properties file encoding UTF-8
2026-07-16 17:45:20,608 INFO o.a.j.s.SaveService: Loading file: tests/perf/expense_load.jmx
2026-07-16 17:45:20,767 INFO o.a.j.p.h.s.HTTPSamplerBase: Parser for text/html is org.apache.jmeter.protocol.http.parser.LagartoBasedHtmlParser
2026-07-16 17:45:20,768 INFO o.a.j.p.h.s.HTTPSamplerBase: Parser for application/xhtml+xml is org.apache.jmeter.protocol.http.parser.LagartoBasedHtmlParser
2026-07-16 17:45:20,768 INFO o.a.j.p.h.s.HTTPSamplerBase: Parser for application/xml is org.apache.jmeter.protocol.http.parser.LagartoBasedHtmlParser
2026-07-16 17:45:20,768 INFO o.a.j.p.h.s.HTTPSamplerBase: Parser for text/xml is org.apache.jmeter.protocol.http.parser.LagartoBasedHtmlParser
2026-07-16 17:45:20,769 INFO o.a.j.p.h.s.HTTPSamplerBase: Parser for text/vnd.wap.wml is org.apache.jmeter.protocol.http.parser.RegexpHTMLParser
2026-07-16 17:45:20,771 INFO o.a.j.p.h.s.HTTPSamplerBase: Parser for text/css is org.apache.jmeter.protocol.http.parser.CssParser
2026-07-16 17:45:20,858 INFO o.a.j.JMeter: Creating summariser <summary>
2026-07-16 17:45:20,867 INFO o.a.j.r.d.ReportGenerator: ReportGenerator will use for Parsing the separator: ','
2026-07-16 17:45:20,868 INFO o.a.j.r.d.ReportGenerator: Will generate report at end of test from  results file: reports/jmeter_results.jtl
2026-07-16 17:45:20,868 INFO o.a.j.r.d.ReportGenerator: Reading report generator properties from: /opt/jmeter/bin/reportgenerator.properties
2026-07-16 17:45:20,870 INFO o.a.j.r.d.ReportGenerator: Merging with JMeter properties
2026-07-16 17:45:20,878 INFO o.a.j.r.c.ReportGeneratorConfiguration: Property 'jmeter.reportgenerator.temp_dir' not found, using default value 'temp' instead.
2026-07-16 17:45:20,884 INFO o.a.j.r.c.ReportGeneratorConfiguration: Property 'jmeter.reportgenerator.apdex_per_transaction' not found, using default value 'null' instead.
2026-07-16 17:45:20,884 INFO o.a.j.r.c.ReportGeneratorConfiguration: apdex_per_transaction is empty, not APDEX per transaction customization
2026-07-16 17:45:20,885 INFO o.a.j.r.c.ReportGeneratorConfiguration: Property 'jmeter.reportgenerator.sample_filter' not found, using default value 'null' instead.
2026-07-16 17:45:20,886 INFO o.a.j.r.c.ReportGeneratorConfiguration: Property 'jmeter.reportgenerator.report_title' not found, using default value 'null' instead.
2026-07-16 17:45:20,886 INFO o.a.j.r.c.ReportGeneratorConfiguration: Property 'jmeter.reportgenerator.start_date' not found, using default value 'null' instead.
2026-07-16 17:45:20,886 INFO o.a.j.r.c.ReportGeneratorConfiguration: Property 'jmeter.reportgenerator.end_date' not found, using default value 'null' instead.
2026-07-16 17:45:20,886 INFO o.a.j.r.c.ReportGeneratorConfiguration: Property 'jmeter.reportgenerator.date_format' not found, using default value 'null' instead.
2026-07-16 17:45:20,887 INFO o.a.j.r.c.ReportGeneratorConfiguration: Will use date range start date: null, end date: null
2026-07-16 17:45:20,899 INFO o.a.j.r.c.ReportGeneratorConfiguration: Property 'jmeter.reportgenerator.graph.totalTPS.exclude_controllers' not found, using default value 'false' instead.
2026-07-16 17:45:20,900 INFO o.a.j.r.c.ReportGeneratorConfiguration: Property 'jmeter.reportgenerator.graph.activeThreadsOverTime.exclude_controllers' not found, using default value 'false' instead.
2026-07-16 17:45:20,901 INFO o.a.j.r.c.ReportGeneratorConfiguration: Property 'jmeter.reportgenerator.graph.timeVsThreads.exclude_controllers' not found, using default value 'false' instead.
2026-07-16 17:45:20,902 INFO o.a.j.r.c.ReportGeneratorConfiguration: Property 'jmeter.reportgenerator.graph.responseTimeDistribution.exclude_controllers' not found, using default value 'false' instead.
2026-07-16 17:45:20,903 INFO o.a.j.r.c.ReportGeneratorConfiguration: Property 'jmeter.reportgenerator.graph.transactionsPerSecond.exclude_controllers' not found, using default value 'false' instead.
2026-07-16 17:45:20,905 INFO o.a.j.r.c.ReportGeneratorConfiguration: Property 'jmeter.reportgenerator.graph.responseTimePercentiles.exclude_controllers' not found, using default value 'false' instead.
2026-07-16 17:45:20,907 INFO o.a.j.r.c.ReportGeneratorConfiguration: Property 'jmeter.reportgenerator.graph.responseTimePercentilesOverTime.exclude_controllers' not found, using default value 'false' instead.
2026-07-16 17:45:20,907 INFO o.a.j.r.c.ReportGeneratorConfiguration: Property 'jmeter.reportgenerator.graph.responseTimesOverTime.exclude_controllers' not found, using default value 'false' instead.
2026-07-16 17:45:20,908 INFO o.a.j.r.c.ReportGeneratorConfiguration: Property 'jmeter.reportgenerator.graph.connectTimeOverTime.exclude_controllers' not found, using default value 'false' instead.
2026-07-16 17:45:20,910 INFO o.a.j.r.c.ReportGeneratorConfiguration: Property 'jmeter.reportgenerator.graph.latenciesOverTime.exclude_controllers' not found, using default value 'false' instead.
2026-07-16 17:45:20,912 INFO o.a.j.r.c.ReportGeneratorConfiguration: Property 'jmeter.reportgenerator.exporter.json.filters_only_sample_series' not found, using default value 'true' instead.
2026-07-16 17:45:20,913 INFO o.a.j.r.c.ReportGeneratorConfiguration: Property 'jmeter.reportgenerator.exporter.json.series_filter' not found, using default value '' instead.
2026-07-16 17:45:20,914 INFO o.a.j.r.c.ReportGeneratorConfiguration: Property 'jmeter.reportgenerator.exporter.json.show_controllers_only' not found, using default value 'false' instead.
2026-07-16 17:45:20,917 INFO o.a.j.r.c.ReportGeneratorConfiguration: Property 'jmeter.reportgenerator.exporter.html.filters_only_sample_series' not found, using default value 'true' instead.
2026-07-16 17:45:20,917 INFO o.a.j.r.c.ReportGeneratorConfiguration: Property 'jmeter.reportgenerator.exporter.html.series_filter' not found, using default value '' instead.
2026-07-16 17:45:20,918 INFO o.a.j.r.c.ReportGeneratorConfiguration: Property 'jmeter.reportgenerator.exporter.html.show_controllers_only' not found, using default value 'false' instead.
2026-07-16 17:45:20,951 INFO o.a.j.e.StandardJMeterEngine: Running the test!
2026-07-16 17:45:20,954 INFO o.a.j.s.SampleEvent: List of sample_variables: []
2026-07-16 17:45:20,955 INFO o.a.j.s.SampleEvent: List of sample_variables: []
2026-07-16 17:45:20,974 INFO o.a.j.e.u.CompoundVariable: Note: Function class names must contain the string: '.functions.'
2026-07-16 17:45:20,975 INFO o.a.j.e.u.CompoundVariable: Note: Function class names must not contain the string: '.gui.'
2026-07-16 17:45:21,149 INFO o.a.j.JMeter: Running test (1784223921149)
2026-07-16 17:45:21,199 INFO o.a.j.e.StandardJMeterEngine: Starting ThreadGroup: 1 : Thread Group
2026-07-16 17:45:21,200 INFO o.a.j.e.StandardJMeterEngine: Starting 10 threads for group Thread Group.
2026-07-16 17:45:21,200 INFO o.a.j.e.StandardJMeterEngine: Thread will continue on error
2026-07-16 17:45:21,200 INFO o.a.j.t.ThreadGroup: Starting thread group... number=1 threads=10 ramp-up=10 delayedStart=false
2026-07-16 17:45:21,228 INFO o.a.j.t.ThreadGroup: Started thread group number 1
2026-07-16 17:45:21,229 INFO o.a.j.e.StandardJMeterEngine: All thread groups have been started
2026-07-16 17:45:21,346 INFO o.a.j.t.JMeterThread: Thread started: Thread Group 1-1
2026-07-16 17:45:21,352 INFO o.a.j.s.FileServer: Stored: /home/tejaswini/expense-tracker-sdet/tests/perf/jmeter_data.csv
2026-07-16 17:45:21,412 INFO o.a.j.p.h.s.HTTPHCAbstractImpl: Local host = Tejaswini
2026-07-16 17:45:21,423 INFO o.a.j.p.h.s.HTTPHC4Impl: HTTP request retry count = 0
2026-07-16 17:45:21,425 INFO o.a.j.s.SampleResult: Note: Sample TimeStamps are START times
2026-07-16 17:45:21,425 INFO o.a.j.s.SampleResult: sampleresult.default.encoding is set to UTF-8
2026-07-16 17:45:21,426 INFO o.a.j.s.SampleResult: sampleresult.useNanoTime=true
2026-07-16 17:45:21,426 INFO o.a.j.s.SampleResult: sampleresult.nanoThreadSleep=5000
2026-07-16 17:45:21,696 INFO o.a.j.t.JMeterThread: Thread is done: Thread Group 1-1
2026-07-16 17:45:21,697 INFO o.a.j.t.JMeterThread: Thread finished: Thread Group 1-1
2026-07-16 17:45:22,342 INFO o.a.j.t.JMeterThread: Thread started: Thread Group 1-2
2026-07-16 17:45:22,429 INFO o.a.j.t.JMeterThread: Thread is done: Thread Group 1-2
2026-07-16 17:45:22,429 INFO o.a.j.t.JMeterThread: Thread finished: Thread Group 1-2
2026-07-16 17:45:23,336 INFO o.a.j.t.JMeterThread: Thread started: Thread Group 1-3
2026-07-16 17:45:23,510 INFO o.a.j.t.JMeterThread: Thread is done: Thread Group 1-3
2026-07-16 17:45:23,510 INFO o.a.j.t.JMeterThread: Thread finished: Thread Group 1-3
2026-07-16 17:45:24,334 INFO o.a.j.t.JMeterThread: Thread started: Thread Group 1-4
2026-07-16 17:45:24,431 INFO o.a.j.t.JMeterThread: Thread is done: Thread Group 1-4
2026-07-16 17:45:24,431 INFO o.a.j.t.JMeterThread: Thread finished: Thread Group 1-4
2026-07-16 17:45:25,331 INFO o.a.j.t.JMeterThread: Thread started: Thread Group 1-5
2026-07-16 17:45:25,418 INFO o.a.j.t.JMeterThread: Thread is done: Thread Group 1-5
2026-07-16 17:45:25,418 INFO o.a.j.t.JMeterThread: Thread finished: Thread Group 1-5
2026-07-16 17:45:26,329 INFO o.a.j.t.JMeterThread: Thread started: Thread Group 1-6
2026-07-16 17:45:26,442 INFO o.a.j.t.JMeterThread: Thread is done: Thread Group 1-6
2026-07-16 17:45:26,443 INFO o.a.j.t.JMeterThread: Thread finished: Thread Group 1-6
2026-07-16 17:45:27,328 INFO o.a.j.t.JMeterThread: Thread started: Thread Group 1-7
2026-07-16 17:45:27,404 INFO o.a.j.t.JMeterThread: Thread is done: Thread Group 1-7
2026-07-16 17:45:27,404 INFO o.a.j.t.JMeterThread: Thread finished: Thread Group 1-7
2026-07-16 17:45:28,326 INFO o.a.j.t.JMeterThread: Thread started: Thread Group 1-8
2026-07-16 17:45:28,469 INFO o.a.j.t.JMeterThread: Thread is done: Thread Group 1-8
2026-07-16 17:45:28,469 INFO o.a.j.t.JMeterThread: Thread finished: Thread Group 1-8
2026-07-16 17:45:29,323 INFO o.a.j.t.JMeterThread: Thread started: Thread Group 1-9
2026-07-16 17:45:29,419 INFO o.a.j.t.JMeterThread: Thread is done: Thread Group 1-9
2026-07-16 17:45:29,420 INFO o.a.j.t.JMeterThread: Thread finished: Thread Group 1-9
2026-07-16 17:45:30,320 INFO o.a.j.t.JMeterThread: Thread started: Thread Group 1-10
2026-07-16 17:45:30,370 INFO o.a.j.r.Summariser: summary +     91 in 00:00:09 =    9.9/s Avg:    10 Min:     3 Max:    71 Err:     0 (0.00%) Active: 1 Started: 10 Finished: 9
2026-07-16 17:45:30,490 INFO o.a.j.t.JMeterThread: Thread is done: Thread Group 1-10
2026-07-16 17:45:30,490 INFO o.a.j.t.JMeterThread: Thread finished: Thread Group 1-10
2026-07-16 17:45:30,491 INFO o.a.j.e.StandardJMeterEngine: Notifying test listeners of end of test
2026-07-16 17:45:30,492 INFO o.a.j.s.FileServer: Close: /home/tejaswini/expense-tracker-sdet/tests/perf/jmeter_data.csv
2026-07-16 17:45:30,493 INFO o.a.j.r.Summariser: summary +      9 in 00:00:00 =   71.4/s Avg:    12 Min:     6 Max:    20 Err:     0 (0.00%) Active: 0 Started: 10 Finished: 10
2026-07-16 17:45:30,494 INFO o.a.j.r.Summariser: summary =    100 in 00:00:09 =   10.7/s Avg:    10 Min:     3 Max:    71 Err:     0 (0.00%)
2026-07-16 17:45:30,495 INFO o.a.j.JMeter: Generating Dashboard
2026-07-16 17:45:30,496 INFO o.a.j.r.d.ReportGenerator: Flushing result collector before report Generation
2026-07-16 17:45:30,527 INFO o.a.j.r.p.NormalizerSampleConsumer: Using format, 'ms', to parse timeStamp field
2026-07-16 17:45:30,715 INFO o.a.j.r.p.AbstractSampleConsumer: class org.apache.jmeter.report.processor.AggregateConsumer#stopProducing(): beginDate produced 0 samples
2026-07-16 17:45:30,716 INFO o.a.j.r.p.AbstractSampleConsumer: class org.apache.jmeter.report.processor.AggregateConsumer#stopProducing(): endDate produced 0 samples
2026-07-16 17:45:30,721 INFO o.a.j.r.p.AbstractSampleConsumer: class org.apache.jmeter.report.processor.ApdexSummaryConsumer#stopProducing(): apdexSummary produced 0 samples
2026-07-16 17:45:30,722 INFO o.a.j.r.p.AbstractSampleConsumer: class org.apache.jmeter.report.processor.RequestsSummaryConsumer#stopProducing(): requestsSummary produced 0 samples
2026-07-16 17:45:30,731 INFO o.a.j.r.p.AbstractSampleConsumer: class org.apache.jmeter.report.processor.StatisticsSummaryConsumer#stopProducing(): statisticsSummary produced 0 samples
2026-07-16 17:45:30,733 INFO o.a.j.r.p.AbstractSampleConsumer: class org.apache.jmeter.report.processor.Top5ErrorsBySamplerConsumer#stopProducing(): top5ErrorsBySampler produced 0 samples
2026-07-16 17:45:30,734 INFO o.a.j.r.p.AbstractSampleConsumer: class org.apache.jmeter.report.processor.ErrorsSummaryConsumer#stopProducing(): errorsSummary produced 0 samples
2026-07-16 17:45:30,734 INFO o.a.j.r.p.AbstractSampleConsumer: class org.apache.jmeter.report.processor.graph.impl.HitsPerSecondGraphConsumer#stopProducing(): hitsPerSecond produced 0 samples
2026-07-16 17:45:30,774 INFO o.a.j.r.p.AbstractSampleConsumer: class org.apache.jmeter.report.processor.graph.impl.LatencyVSRequestGraphConsumer#stopProducing(): latencyVsRequest produced 0 samples
2026-07-16 17:45:30,774 INFO o.a.j.r.p.AbstractSampleConsumer: class org.apache.jmeter.report.processor.graph.impl.SyntheticResponseTimeDistributionGraphConsumer#stopProducing(): syntheticResponseTimeDistribution produced 0 samples
2026-07-16 17:45:30,775 INFO o.a.j.r.p.AbstractSampleConsumer: class org.apache.jmeter.report.processor.graph.impl.BytesThroughputGraphConsumer#stopProducing(): bytesThroughputOverTime produced 0 samples
2026-07-16 17:45:30,775 INFO o.a.j.r.p.AbstractSampleConsumer: class org.apache.jmeter.report.processor.graph.impl.CodesPerSecondGraphConsumer#stopProducing(): codesPerSecond produced 0 samples
2026-07-16 17:45:30,793 INFO o.a.j.r.p.AbstractSampleConsumer: class org.apache.jmeter.report.processor.graph.impl.ResponseTimeVSRequestGraphConsumer#stopProducing(): responseTimeVsRequest produced 0 samples
2026-07-16 17:45:30,794 INFO o.a.j.r.p.AbstractSampleConsumer: class org.apache.jmeter.report.processor.FilterConsumer#stopProducing(): startIntervalControlerFilter produced 700 samples
2026-07-16 17:45:30,794 INFO o.a.j.r.p.AbstractSampleConsumer: class org.apache.jmeter.report.processor.graph.impl.TotalTPSGraphConsumer#stopProducing(): totalTPS produced 0 samples
2026-07-16 17:45:30,794 INFO o.a.j.r.p.AbstractSampleConsumer: class org.apache.jmeter.report.processor.graph.impl.ActiveThreadsGraphConsumer#stopProducing(): activeThreadsOverTime produced 0 samples
2026-07-16 17:45:30,795 INFO o.a.j.r.p.AbstractSampleConsumer: class org.apache.jmeter.report.processor.graph.impl.TimeVSThreadGraphConsumer#stopProducing(): timeVsThreads produced 0 samples
2026-07-16 17:45:30,795 INFO o.a.j.r.p.AbstractSampleConsumer: class org.apache.jmeter.report.processor.graph.impl.ResponseTimeDistributionGraphConsumer#stopProducing(): responseTimeDistribution produced 0 samples
2026-07-16 17:45:30,796 INFO o.a.j.r.p.AbstractSampleConsumer: class org.apache.jmeter.report.processor.graph.impl.TransactionsPerSecondGraphConsumer#stopProducing(): transactionsPerSecond produced 0 samples
2026-07-16 17:45:30,796 INFO o.a.j.r.p.AbstractSampleConsumer: class org.apache.jmeter.report.processor.graph.impl.ResponseTimePercentilesGraphConsumer#stopProducing(): responseTimePercentiles produced 0 samples
2026-07-16 17:45:30,798 INFO o.a.j.r.p.AbstractSampleConsumer: class org.apache.jmeter.report.processor.graph.impl.ResponseTimePercentilesOverTimeGraphConsumer#stopProducing(): responseTimePercentilesOverTime produced 0 samples
2026-07-16 17:45:30,799 INFO o.a.j.r.p.AbstractSampleConsumer: class org.apache.jmeter.report.processor.graph.impl.ResponseTimeOverTimeGraphConsumer#stopProducing(): responseTimesOverTime produced 0 samples
2026-07-16 17:45:30,799 INFO o.a.j.r.p.AbstractSampleConsumer: class org.apache.jmeter.report.processor.graph.impl.ConnectTimeOverTimeGraphConsumer#stopProducing(): connectTimeOverTime produced 0 samples
2026-07-16 17:45:30,799 INFO o.a.j.r.p.AbstractSampleConsumer: class org.apache.jmeter.report.processor.graph.impl.LatencyOverTimeGraphConsumer#stopProducing(): latenciesOverTime produced 0 samples
2026-07-16 17:45:30,800 INFO o.a.j.r.p.AbstractSampleConsumer: class org.apache.jmeter.report.processor.FilterConsumer#stopProducing(): nameFilter produced 1500 samples
2026-07-16 17:45:30,800 INFO o.a.j.r.p.AbstractSampleConsumer: class org.apache.jmeter.report.processor.FilterConsumer#stopProducing(): dateRangeFilter produced 300 samples
2026-07-16 17:45:30,800 INFO o.a.j.r.p.AbstractSampleConsumer: class org.apache.jmeter.report.processor.NormalizerSampleConsumer#stopProducing(): normalizer produced 100 samples
2026-07-16 17:45:30,801 INFO o.a.j.r.p.CsvFileSampleSource: produce(): 100 samples produced in 200ms on channel 0
2026-07-16 17:45:30,801 INFO o.a.j.r.d.ReportGenerator: Exporting data using exporter:'json' of className:'org.apache.jmeter.report.dashboard.JsonExporter'
2026-07-16 17:45:30,914 INFO o.a.j.r.d.JsonExporter: Found data for consumer statisticsSummary in context
2026-07-16 17:45:30,915 INFO o.a.j.r.d.JsonExporter: Creating statistics for overall
2026-07-16 17:45:30,916 INFO o.a.j.r.d.JsonExporter: Creating statistics for other transactions
2026-07-16 17:45:30,917 INFO o.a.j.r.d.JsonExporter: Checking output folder
2026-07-16 17:45:30,918 INFO o.a.j.r.d.JsonExporter: Writing statistics JSON to /home/tejaswini/expense-tracker-sdet/reports/jmeter_html/statistics.json
2026-07-16 17:45:30,988 INFO o.a.j.r.d.ReportGenerator: Exporting data using exporter:'html' of className:'org.apache.jmeter.report.dashboard.HtmlTemplateExporter'
2026-07-16 17:45:30,991 INFO o.a.j.r.d.HtmlTemplateExporter: Will generate dashboard in folder: /home/tejaswini/expense-tracker-sdet/reports/jmeter_html
2026-07-16 17:45:31,224 INFO o.a.j.r.d.HtmlTemplateExporter: Report will be generated in: /home/tejaswini/expense-tracker-sdet/reports/jmeter_html, creating folder structure
2026-07-16 17:45:31,230 INFO o.a.j.r.d.TemplateVisitor: Copying folder from '/opt/jmeter/bin/report-template' to '/home/tejaswini/expense-tracker-sdet/reports/jmeter_html', got message: /home/tejaswini/expense-tracker-sdet/reports/jmeter_html, found non empty folder with following content [/home/tejaswini/expense-tracker-sdet/reports/jmeter_html/statistics.json], will be ignored
2026-07-16 17:45:31,743 INFO o.a.j.JMeter: Dashboard generated
